TN:
SF:package\address-picker\index.js
FN:3,(anonymous_0)
FNF:1
FNH:0
FNDA:0,(anonymous_0)
DA:3,1
DA:4,0
LF:2
LH:1
BRF:0
BRH:0
end_of_record
TN:
SF:package\address-picker\src\index.js
FN:11,(anonymous_0)
FN:13,(anonymous_1)
FN:41,(anonymous_2)
FN:45,(anonymous_3)
FN:50,(anonymous_4)
FN:57,(anonymous_5)
FN:60,(anonymous_6)
FN:73,(anonymous_7)
FN:85,(anonymous_8)
FN:108,(anonymous_9)
FN:109,(anonymous_10)
FN:112,(anonymous_11)
FN:125,(anonymous_12)
FN:126,(anonymous_13)
FNF:14
FNH:7
FNDA:1,(anonymous_0)
FNDA:5,(anonymous_1)
FNDA:0,(anonymous_2)
FNDA:0,(anonymous_3)
FNDA:5,(anonymous_4)
FNDA:0,(anonymous_5)
FNDA:5,(anonymous_6)
FNDA:13544,(anonymous_7)
FNDA:2448,(anonymous_8)
FNDA:0,(anonymous_9)
FNDA:0,(anonymous_10)
FNDA:5,(anonymous_11)
FNDA:0,(anonymous_12)
FNDA:0,(anonymous_13)
DA:10,1
DA:11,1
DA:14,5
DA:51,5
DA:58,0
DA:61,5
DA:62,5
DA:63,5
DA:64,5
DA:65,5
DA:69,5
DA:73,5
DA:74,13544
DA:75,13544
DA:76,13544
DA:77,13544
DA:78,13544
DA:80,0
DA:81,0
DA:85,5
DA:86,2448
DA:87,2448
DA:88,2448
DA:89,1596
DA:91,852
DA:92,852
DA:93,852
DA:94,852
DA:96,0
DA:97,0
DA:101,5
DA:109,0
DA:113,5
DA:125,0
DA:126,0
LF:35
LH:27
BRDA:61,0,0,0
BRDA:61,0,1,5
BRDA:77,1,0,13544
BRDA:77,1,1,0
BRDA:88,2,0,1596
BRDA:88,2,1,852
BRDA:88,3,0,2448
BRDA:88,3,1,1596
BRDA:88,3,2,1596
BRDA:92,4,0,852
BRDA:92,4,1,0
BRF:11
BRH:8
end_of_record
TN:
SF:package\address-picker\src\util.js
FN:8,(anonymous_0)
FN:27,generateCascade
FN:28,formateAddres
FN:30,(anonymous_3)
FNF:4
FNH:3
FNDA:16134,(anonymous_0)
FNDA:0,generateCascade
FNDA:15,formateAddres
FNDA:16134,(anonymous_3)
DA:3,1
DA:4,1
DA:5,1
DA:7,1
DA:8,1
DA:9,16134
DA:10,16134
DA:11,16134
DA:12,0
DA:14,0
DA:15,0
DA:18,16134
DA:19,16134
DA:20,16134
DA:29,15
DA:30,13
DA:31,16134
DA:32,16134
DA:33,16134
DA:34,2590
DA:35,2590
DA:37,16134
DA:44,16134
DA:45,16134
DA:46,2590
LF:25
LH:22
BRDA:11,0,0,0
BRDA:11,0,1,16134
BRDA:28,1,0,0
BRDA:29,2,0,2
BRDA:29,2,1,13
BRDA:33,3,0,2590
BRDA:33,3,1,13544
BRDA:33,4,0,16134
BRDA:33,4,1,2590
BRDA:34,5,0,2448
BRDA:34,5,1,142
BRDA:44,6,0,2588
BRDA:44,6,1,13546
BRDA:45,7,0,13544
BRDA:45,7,1,2590
BRF:15
BRH:13
end_of_record
TN:
SF:package\badge\index.js
FN:3,(anonymous_0)
FNF:1
FNH:0
FNDA:0,(anonymous_0)
DA:3,1
DA:4,0
LF:2
LH:1
BRF:0
BRH:0
end_of_record
TN:
SF:package\button\index.js
FN:3,(anonymous_0)
FNF:1
FNH:0
FNDA:0,(anonymous_0)
DA:3,1
DA:4,0
LF:2
LH:1
BRF:0
BRH:0
end_of_record
TN:
SF:package\cell\index.js
FN:3,(anonymous_0)
FNF:1
FNH:0
FNDA:0,(anonymous_0)
DA:3,1
DA:4,0
LF:2
LH:1
BRF:0
BRH:0
end_of_record
TN:
SF:package\icon\index.js
FN:3,(anonymous_0)
FNF:1
FNH:0
FNDA:0,(anonymous_0)
DA:3,1
DA:4,0
LF:2
LH:1
BRF:0
BRH:0
end_of_record
TN:
SF:package\loading\index.js
FN:3,(anonymous_0)
FNF:1
FNH:0
FNDA:0,(anonymous_0)
DA:3,1
DA:4,0
LF:2
LH:1
BRF:0
BRH:0
end_of_record
TN:
SF:package\mixins\inject.js
FN:1,(anonymous_0)
FN:8,(anonymous_1)
FN:13,(anonymous_2)
FN:16,(anonymous_3)
FNF:4
FNH:3
FNDA:1,(anonymous_0)
FNDA:13,(anonymous_1)
FNDA:13,(anonymous_2)
FNDA:0,(anonymous_3)
DA:1,1
DA:9,13
DA:10,13
DA:14,13
DA:17,0
LF:5
LH:4
BRDA:9,0,0,0
BRDA:9,0,1,13
BRDA:9,1,0,13
BRDA:9,1,1,0
BRDA:14,2,0,13
BRDA:14,2,1,0
BRDA:17,3,0,0
BRDA:17,3,1,0
BRF:8
BRH:3
end_of_record
TN:
SF:package\mixins\provider.js
FN:1,(anonymous_0)
FN:2,(anonymous_1)
FN:3,(anonymous_2)
FN:8,(anonymous_3)
FN:14,(anonymous_4)
FN:17,(anonymous_5)
FNF:6
FNH:5
FNDA:13,(anonymous_0)
FNDA:1,(anonymous_1)
FNDA:5,(anonymous_2)
FNDA:5,(anonymous_3)
FNDA:13,(anonymous_4)
FNDA:0,(anonymous_5)
DA:1,13
DA:2,1
DA:4,5
DA:9,5
DA:15,13
DA:18,0
DA:19,0
DA:20,0
DA:21,0
LF:9
LH:5
BRDA:15,0,0,13
BRDA:15,0,1,0
BRDA:20,1,0,0
BRDA:20,1,1,0
BRF:4
BRH:1
end_of_record
TN:
SF:package\mixins\touch.js
FN:2,(anonymous_0)
FN:11,(anonymous_1)
FN:23,(anonymous_2)
FN:29,(anonymous_3)
FN:37,(anonymous_4)
FNF:5
FNH:1
FNDA:0,(anonymous_0)
FNDA:13,(anonymous_1)
FNDA:0,(anonymous_2)
FNDA:0,(anonymous_3)
FNDA:0,(anonymous_4)
DA:1,1
DA:2,1
DA:3,0
DA:4,0
DA:5,0
DA:6,0
DA:7,0
DA:9,1
DA:12,13
DA:24,0
DA:25,0
DA:26,0
DA:27,0
DA:30,0
DA:31,0
DA:32,0
DA:33,0
DA:34,0
DA:35,0
DA:38,0
LF:20
LH:4
BRDA:2,0,0,0
BRDA:5,1,0,0
BRDA:5,1,1,0
BRDA:6,2,0,0
BRDA:6,2,1,0
BRF:5
BRH:0
end_of_record
TN:
SF:package\picker\index.js
FN:3,(anonymous_0)
FNF:1
FNH:0
FNDA:0,(anonymous_0)
DA:3,1
DA:4,0
LF:2
LH:1
BRF:0
BRH:0
end_of_record
TN:
SF:package\picker\src\Colums.js
FN:18,(anonymous_0)
FN:24,(anonymous_1)
FN:27,(anonymous_2)
FN:61,(anonymous_3)
FN:65,(anonymous_4)
FN:69,(anonymous_5)
FN:76,(anonymous_6)
FN:82,(anonymous_7)
FN:83,(anonymous_8)
FN:84,(anonymous_9)
FN:101,(anonymous_10)
FN:104,(anonymous_11)
FN:107,(anonymous_12)
FN:114,(anonymous_13)
FN:124,(anonymous_14)
FN:127,(anonymous_15)
FN:133,(anonymous_16)
FN:135,(anonymous_17)
FN:145,(anonymous_18)
FN:157,(anonymous_19)
FN:171,(anonymous_20)
FN:186,(anonymous_21)
FN:191,(anonymous_22)
FN:197,(anonymous_23)
FN:201,(anonymous_24)
FN:207,(anonymous_25)
FN:213,(anonymous_26)
FN:217,(anonymous_27)
FN:241,(anonymous_28)
FN:254,(anonymous_29)
FN:257,(anonymous_30)
FN:268,(anonymous_31)
FN:271,(anonymous_32)
FN:275,(anonymous_33)
FN:279,(anonymous_34)
FN:292,(anonymous_35)
FN:293,(anonymous_36)
FN:301,(anonymous_37)
FN:304,(anonymous_38)
FN:307,(anonymous_39)
FNF:40
FNH:21
FNDA:0,(anonymous_0)
FNDA:1,(anonymous_1)
FNDA:13,(anonymous_2)
FNDA:0,(anonymous_3)
FNDA:0,(anonymous_4)
FNDA:0,(anonymous_5)
FNDA:0,(anonymous_6)
FNDA:0,(anonymous_7)
FNDA:0,(anonymous_8)
FNDA:0,(anonymous_9)
FNDA:2,(anonymous_10)
FNDA:0,(anonymous_11)
FNDA:261,(anonymous_12)
FNDA:261,(anonymous_13)
FNDA:13,(anonymous_14)
FNDA:15,(anonymous_15)
FNDA:261,(anonymous_16)
FNDA:0,(anonymous_17)
FNDA:0,(anonymous_18)
FNDA:0,(anonymous_19)
FNDA:0,(anonymous_20)
FNDA:0,(anonymous_21)
FNDA:2,(anonymous_22)
FNDA:2,(anonymous_23)
FNDA:2,(anonymous_24)
FNDA:2,(anonymous_25)
FNDA:0,(anonymous_26)
FNDA:2,(anonymous_27)
FNDA:0,(anonymous_28)
FNDA:0,(anonymous_29)
FNDA:13,(anonymous_30)
FNDA:0,(anonymous_31)
FNDA:13,(anonymous_32)
FNDA:13,(anonymous_33)
FNDA:15,(anonymous_34)
FNDA:13,(anonymous_35)
FNDA:13,(anonymous_36)
FNDA:2,(anonymous_37)
FNDA:0,(anonymous_38)
FNDA:15,(anonymous_39)
DA:8,1
DA:10,1
DA:11,1
DA:12,1
DA:14,1
DA:15,1
DA:16,1
DA:18,1
DA:19,0
DA:20,0
DA:21,0
DA:22,0
DA:24,1
DA:28,13
DA:61,0
DA:66,0
DA:67,0
DA:70,0
DA:71,0
DA:77,0
DA:78,0
DA:79,0
DA:83,0
DA:84,0
DA:85,0
DA:87,0
DA:88,0
DA:89,0
DA:90,0
DA:93,0
DA:94,0
DA:96,0
DA:102,2
DA:105,0
DA:108,261
DA:109,261
DA:110,15
DA:112,261
DA:115,261
DA:116,261
DA:117,261
DA:118,261
DA:125,13
DA:132,15
DA:133,15
DA:134,261
DA:135,0
DA:146,0
DA:147,0
DA:148,0
DA:150,0
DA:151,0
DA:153,0
DA:154,0
DA:155,0
DA:158,0
DA:159,0
DA:160,0
DA:161,0
DA:162,0
DA:164,0
DA:165,0
DA:166,0
DA:167,0
DA:168,0
DA:172,0
DA:173,0
DA:174,0
DA:176,0
DA:177,0
DA:178,0
DA:180,0
DA:181,0
DA:182,0
DA:183,0
DA:187,0
DA:188,0
DA:189,0
DA:192,2
DA:193,2
DA:194,2
DA:195,2
DA:198,2
DA:199,2
DA:202,2
DA:203,0
DA:204,0
DA:208,2
DA:214,0
DA:215,0
DA:222,2
DA:223,2
DA:224,2
DA:225,0
DA:228,2
DA:229,2
DA:230,0
DA:231,0
DA:233,2
DA:234,2
DA:235,2
DA:236,2
DA:237,2
DA:238,2
DA:241,0
DA:242,0
DA:244,0
DA:245,0
DA:246,0
DA:248,0
DA:250,0
DA:251,0
DA:255,0
DA:258,13
DA:259,13
DA:260,13
DA:261,13
DA:262,13
DA:263,13
DA:264,13
DA:269,0
DA:272,13
DA:273,13
DA:276,13
DA:277,13
DA:282,15
DA:283,15
DA:284,15
DA:293,13
DA:294,13
DA:295,13
DA:297,13
DA:298,13
DA:302,2
DA:305,0
DA:308,15
LF:136
LH:63
BRDA:70,0,0,0
BRDA:70,0,1,0
BRDA:78,1,0,0
BRDA:78,1,1,0
BRDA:88,2,0,0
BRDA:88,2,1,0
BRDA:93,3,0,0
BRDA:93,3,1,0
BRDA:109,4,0,15
BRDA:109,4,1,246
BRDA:121,5,0,0
BRDA:121,5,1,261
BRDA:125,6,0,1
BRDA:125,6,1,12
BRDA:147,7,0,0
BRDA:147,7,1,0
BRDA:160,8,0,0
BRDA:160,8,1,0
BRDA:166,9,0,0
BRDA:166,9,1,0
BRDA:174,10,0,0
BRDA:174,10,1,0
BRDA:176,11,0,0
BRDA:176,11,1,0
BRDA:182,12,0,0
BRDA:182,12,1,0
BRDA:193,13,0,2
BRDA:193,13,1,0
BRDA:204,14,0,0
BRDA:204,14,1,0
BRDA:207,15,0,2
BRDA:207,16,0,2
BRDA:217,17,0,0
BRDA:217,18,0,2
BRDA:224,19,0,0
BRDA:224,19,1,2
BRDA:229,20,0,0
BRDA:229,20,1,2
BRDA:231,21,0,0
BRDA:231,21,1,0
BRDA:234,22,0,2
BRDA:234,22,1,0
BRDA:234,23,0,2
BRDA:234,23,1,0
BRDA:237,24,0,0
BRDA:237,24,1,2
BRDA:244,25,0,0
BRDA:244,25,1,0
BRDA:244,26,0,0
BRDA:244,26,1,0
BRDA:245,27,0,0
BRDA:245,27,1,0
BRDA:288,28,0,0
BRDA:288,28,1,15
BRDA:294,29,0,13
BRDA:294,29,1,0
BRDA:298,30,0,2
BRDA:298,30,1,11
BRDA:302,31,0,0
BRDA:302,31,1,2
BRDA:305,32,0,0
BRDA:305,32,1,0
BRF:62
BRH:19
end_of_record
TN:
SF:package\picker\src\index.js
FN:10,(anonymous_0)
FN:13,(anonymous_1)
FN:46,(anonymous_2)
FN:58,(anonymous_3)
FN:59,(anonymous_4)
FN:61,(anonymous_5)
FN:66,(anonymous_6)
FN:70,(anonymous_7)
FN:75,(anonymous_8)
FN:82,(anonymous_9)
FN:84,(anonymous_10)
FN:97,(anonymous_11)
FN:98,(anonymous_12)
FN:100,(anonymous_13)
FN:105,(anonymous_14)
FN:120,(anonymous_15)
FN:122,(anonymous_16)
FN:127,(anonymous_17)
FN:134,(anonymous_18)
FN:150,(anonymous_19)
FN:152,(anonymous_20)
FN:153,(anonymous_21)
FN:155,(anonymous_22)
FN:160,(anonymous_23)
FN:161,(anonymous_24)
FN:168,(anonymous_25)
FN:174,(anonymous_26)
FN:175,(anonymous_27)
FN:185,(anonymous_28)
FN:191,(anonymous_29)
FN:199,(anonymous_30)
FN:200,(anonymous_31)
FN:207,(anonymous_32)
FN:208,(anonymous_33)
FN:212,(anonymous_34)
FN:212,(anonymous_35)
FN:216,(anonymous_36)
FN:228,(anonymous_37)
FN:231,(anonymous_38)
FN:250,(anonymous_39)
FN:253,(anonymous_40)
FN:258,(anonymous_41)
FN:263,(anonymous_42)
FN:266,(anonymous_43)
FN:267,(anonymous_44)
FN:270,(anonymous_45)
FNF:46
FNH:15
FNDA:1,(anonymous_0)
FNDA:5,(anonymous_1)
FNDA:0,(anonymous_2)
FNDA:0,(anonymous_3)
FNDA:5,(anonymous_4)
FNDA:0,(anonymous_5)
FNDA:0,(anonymous_6)
FNDA:0,(anonymous_7)
FNDA:5,(anonymous_8)
FNDA:13,(anonymous_9)
FNDA:210,(anonymous_10)
FNDA:0,(anonymous_11)
FNDA:0,(anonymous_12)
FNDA:13,(anonymous_13)
FNDA:5,(anonymous_14)
FNDA:0,(anonymous_15)
FNDA:0,(anonymous_16)
FNDA:5,(anonymous_17)
FNDA:0,(anonymous_18)
FNDA:0,(anonymous_19)
FNDA:0,(anonymous_20)
FNDA:0,(anonymous_21)
FNDA:0,(anonymous_22)
FNDA:5,(anonymous_23)
FNDA:13,(anonymous_24)
FNDA:0,(anonymous_25)
FNDA:0,(anonymous_26)
FNDA:0,(anonymous_27)
FNDA:0,(anonymous_28)
FNDA:0,(anonymous_29)
FNDA:0,(anonymous_30)
FNDA:0,(anonymous_31)
FNDA:0,(anonymous_32)
FNDA:0,(anonymous_33)
FNDA:0,(anonymous_34)
FNDA:0,(anonymous_35)
FNDA:0,(anonymous_36)
FNDA:0,(anonymous_37)
FNDA:5,(anonymous_38)
FNDA:0,(anonymous_39)
FNDA:0,(anonymous_40)
FNDA:5,(anonymous_41)
FNDA:5,(anonymous_42)
FNDA:0,(anonymous_43)
FNDA:0,(anonymous_44)
FNDA:5,(anonymous_45)
DA:7,1
DA:9,1
DA:10,1
DA:14,5
DA:46,0
DA:58,0
DA:60,5
DA:61,0
DA:76,5
DA:83,13
DA:84,210
DA:89,13
DA:91,13
DA:98,0
DA:101,13
DA:102,13
DA:103,13
DA:106,5
DA:107,5
DA:108,5
DA:109,5
DA:110,5
DA:111,13
DA:112,13
DA:113,13
DA:114,13
DA:115,13
DA:116,13
DA:118,5
DA:121,0
DA:122,0
DA:123,0
DA:124,0
DA:128,5
DA:129,5
DA:130,5
DA:132,0
DA:135,0
DA:136,0
DA:137,0
DA:138,0
DA:139,0
DA:140,0
DA:141,0
DA:143,0
DA:144,0
DA:145,0
DA:146,0
DA:147,0
DA:151,0
DA:152,0
DA:153,0
DA:154,0
DA:155,0
DA:156,0
DA:161,5
DA:162,13
DA:168,0
DA:175,0
DA:176,0
DA:177,0
DA:186,0
DA:187,0
DA:189,0
DA:190,0
DA:191,0
DA:192,0
DA:200,0
DA:208,0
DA:209,0
DA:210,0
DA:212,0
DA:213,0
DA:214,0
DA:217,0
DA:219,0
DA:220,0
DA:229,0
DA:232,5
DA:233,5
DA:234,3
DA:251,0
DA:254,0
DA:259,5
DA:260,5
DA:261,5
DA:264,5
DA:267,0
DA:271,5
LF:89
LH:38
BRDA:60,0,0,5
BRDA:60,0,1,0
BRDA:85,1,0,210
BRDA:85,1,1,210
BRDA:85,1,2,0
BRDA:86,2,0,210
BRDA:86,2,1,210
BRDA:86,2,2,0
BRDA:87,3,0,210
BRDA:87,3,1,210
BRDA:102,4,0,0
BRDA:102,4,1,13
BRDA:103,5,0,13
BRDA:103,5,1,13
BRDA:103,5,2,10
BRDA:110,6,0,18
BRDA:110,6,1,18
BRDA:115,7,0,12
BRDA:115,7,1,1
BRDA:128,8,0,5
BRDA:128,8,1,0
BRDA:139,9,0,0
BRDA:139,9,1,0
BRDA:143,10,0,0
BRDA:143,10,1,0
BRDA:151,11,0,0
BRDA:151,11,1,0
BRDA:154,12,0,0
BRDA:154,12,1,0
BRDA:185,13,0,0
BRDA:186,14,0,0
BRDA:186,14,1,0
BRDA:192,15,0,0
BRDA:192,15,1,0
BRDA:210,16,0,0
BRDA:210,16,1,0
BRDA:219,17,0,0
BRDA:219,17,1,0
BRDA:233,18,0,2
BRDA:233,18,1,3
BRDA:233,19,0,5
BRDA:233,19,1,4
BRDA:233,19,2,3
BRDA:237,20,0,3
BRDA:237,20,1,1
BRDA:241,21,0,3
BRDA:241,21,1,1
BRDA:243,22,0,3
BRDA:243,22,1,1
BRF:49
BRH:27
end_of_record
TN:
SF:src\utils\RouteButton.js
FN:52,(anonymous_0)
FN:54,(anonymous_1)
FN:59,(anonymous_2)
FN:62,(anonymous_3)
FN:67,(anonymous_4)
FN:76,(anonymous_5)
FN:82,(anonymous_6)
FNF:7
FNH:4
FNDA:0,(anonymous_0)
FNDA:0,(anonymous_1)
FNDA:1,(anonymous_2)
FNDA:1,(anonymous_3)
FNDA:0,(anonymous_4)
FNDA:21,(anonymous_5)
FNDA:22,(anonymous_6)
DA:1,1
DA:2,1
DA:13,1
DA:14,1
DA:52,1
DA:53,0
DA:54,0
DA:55,0
DA:57,0
DA:59,1
DA:63,1
DA:68,0
DA:69,0
DA:72,0
DA:77,21
DA:85,22
DA:86,22
DA:87,22
DA:88,21
DA:89,21
LF:20
LH:13
BRDA:55,0,0,0
BRDA:55,0,1,0
BRDA:87,1,0,1
BRDA:87,1,1,21
BRDA:88,2,0,0
BRDA:88,2,1,21
BRF:6
BRH:3
end_of_record
TN:
SF:src\utils\dom.js
FN:11,(anonymous_0)
FN:23,scrollLeft
FN:27,(anonymous_2)
FN:36,removeElement
FN:40,on
FN:47,off
FN:52,preventDefault
FN:57,getScroller
FN:77,getScrollTop
FN:81,getBoundingClientRect
FN:94,getRootPageYOffset
FNF:11
FNH:2
FNDA:1,(anonymous_0)
FNDA:0,scrollLeft
FNDA:0,(anonymous_2)
FNDA:0,removeElement
FNDA:52,on
FNDA:0,off
FNDA:0,preventDefault
FNDA:0,getScroller
FNDA:0,getScrollTop
FNDA:0,getBoundingClientRect
FNDA:0,getRootPageYOffset
DA:3,1
DA:4,1
DA:6,1
DA:7,1
DA:8,1
DA:9,1
DA:16,1
DA:24,0
DA:25,0
DA:26,0
DA:27,0
DA:28,0
DA:29,0
DA:30,0
DA:31,0
DA:34,0
DA:37,0
DA:38,0
DA:41,52
DA:42,52
DA:43,52
DA:45,52
DA:48,0
DA:49,0
DA:53,0
DA:54,0
DA:58,0
DA:59,0
DA:60,0
DA:66,0
DA:67,0
DA:68,0
DA:69,0
DA:70,0
DA:72,0
DA:74,0
DA:78,0
DA:82,0
DA:83,0
DA:84,0
DA:86,0
DA:91,0
DA:95,0
LF:43
LH:11
BRDA:6,0,0,1
BRDA:6,0,1,0
BRDA:25,1,0,0
BRDA:25,1,1,0
BRDA:29,2,0,0
BRDA:29,2,1,0
BRDA:37,3,0,0
BRDA:37,3,1,0
BRDA:40,4,0,39
BRDA:42,5,0,52
BRDA:42,5,1,0
BRDA:48,6,0,0
BRDA:48,6,1,0
BRDA:53,7,0,0
BRDA:53,7,1,0
BRDA:53,8,0,0
BRDA:53,8,1,0
BRDA:57,9,0,0
BRDA:61,10,0,0
BRDA:61,10,1,0
BRDA:61,10,2,0
BRDA:61,10,3,0
BRDA:67,11,0,0
BRDA:67,11,1,0
BRDA:68,12,0,0
BRDA:68,12,1,0
BRDA:70,13,0,0
BRDA:70,13,1,0
BRDA:78,14,0,0
BRDA:78,14,1,0
BRDA:83,15,0,0
BRDA:83,15,1,0
BRDA:96,16,0,0
BRDA:96,16,1,0
BRDA:96,16,2,0
BRDA:96,16,3,0
BRF:36
BRH:3
end_of_record
TN:
SF:src\utils\polyfill.js
FN:5,fallback
FN:15,requestAnimation
FN:18,cancelAnimation
FN:21,doubleAnimation
FN:22,(anonymous_4)
FNF:5
FNH:0
FNDA:0,fallback
FNDA:0,requestAnimation
FNDA:0,cancelAnimation
FNDA:0,doubleAnimation
FNDA:0,(anonymous_4)
DA:4,1
DA:6,0
DA:7,0
DA:8,0
DA:9,0
DA:10,0
DA:12,1
DA:13,1
DA:14,1
DA:16,0
DA:19,0
DA:22,0
DA:23,0
LF:13
LH:4
BRDA:13,0,0,1
BRDA:13,0,1,0
BRDA:14,1,0,1
BRDA:14,1,1,0
BRF:4
BRH:2
end_of_record
TN:
SF:src\utils\shared.js
FN:1,isArray
FN:5,oneOf
FN:9,(anonymous_2)
FN:11,isKorean
FN:16,isFunction
FN:19,getValueByName
FN:33,createClassMap
FN:36,(anonymous_7)
FN:44,getSizeString
FN:48,isObject
FN:53,isString
FN:57,throttle
FN:60,(anonymous_12)
FN:67,(anonymous_13)
FN:75,isDate
FN:78,isPromise
FN:81,isNumber
FN:85,unDef
FN:89,getRange
FN:95,getUid
FN:97,(anonymous_20)
FN:104,isUnitString
FN:109,clone
FN:113,(anonymous_23)
FN:144,getCharacter
FN:153,noop
FNF:26
FNH:12
FNDA:144,isArray
FNDA:54,oneOf
FNDA:102,(anonymous_2)
FNDA:0,isKorean
FNDA:16134,isFunction
FNDA:0,getValueByName
FNDA:54,createClassMap
FNDA:198,(anonymous_7)
FNDA:4,getSizeString
FNDA:0,isObject
FNDA:3,isString
FNDA:0,throttle
FNDA:0,(anonymous_12)
FNDA:0,(anonymous_13)
FNDA:0,isDate
FNDA:0,isPromise
FNDA:0,isNumber
FNDA:19249,unDef
FNDA:0,getRange
FNDA:1,getUid
FNDA:210,(anonymous_20)
FNDA:3,isUnitString
FNDA:0,clone
FNDA:0,(anonymous_23)
FNDA:0,getCharacter
FNDA:0,noop
DA:2,144
DA:6,54
DA:7,0
DA:9,102
DA:12,0
DA:13,0
DA:17,16134
DA:20,0
DA:21,0
DA:22,0
DA:23,0
DA:24,0
DA:25,0
DA:27,0
DA:29,0
DA:31,0
DA:34,54
DA:35,54
DA:36,54
DA:38,198
DA:39,198
DA:42,0
DA:45,4
DA:46,4
DA:49,0
DA:50,0
DA:54,3
DA:58,0
DA:59,0
DA:60,0
DA:61,0
DA:62,0
DA:63,0
DA:64,0
DA:65,0
DA:67,0
DA:68,0
DA:69,0
DA:76,0
DA:79,0
DA:82,0
DA:86,19249
DA:90,0
DA:91,0
DA:92,0
DA:96,1
DA:97,1
DA:98,210
DA:99,210
DA:100,210
DA:105,3
DA:106,2
DA:110,0
DA:111,0
DA:112,0
DA:113,0
DA:114,0
DA:115,0
DA:119,0
DA:120,0
DA:122,0
DA:123,0
DA:125,0
DA:127,0
DA:128,0
DA:130,0
DA:131,0
DA:133,0
DA:134,0
DA:135,0
DA:139,0
DA:141,0
DA:145,0
DA:146,0
DA:148,0
DA:149,0
DA:151,0
LF:77
LH:20
BRDA:6,0,0,0
BRDA:6,0,1,54
BRDA:21,1,0,0
BRDA:21,1,1,0
BRDA:24,2,0,0
BRDA:24,2,1,0
BRDA:34,3,0,0
BRDA:34,3,1,54
BRDA:35,4,0,54
BRDA:35,4,1,0
BRDA:45,5,0,0
BRDA:45,5,1,4
BRDA:49,6,0,0
BRDA:49,6,1,0
BRDA:57,7,0,0
BRDA:63,8,0,0
BRDA:63,8,1,0
BRDA:86,9,0,19249
BRDA:86,9,1,19249
BRDA:86,9,2,18391
BRDA:90,10,0,0
BRDA:90,10,1,0
BRDA:90,11,0,0
BRDA:90,11,1,0
BRDA:98,12,0,0
BRDA:98,12,1,210
BRDA:105,13,0,1
BRDA:105,13,1,2
BRDA:105,14,0,3
BRDA:105,14,1,2
BRDA:114,15,0,0
BRDA:114,15,1,0
BRDA:115,16,0,0
BRDA:115,16,1,0
BRDA:119,17,0,0
BRDA:119,17,1,0
BRDA:127,18,0,0
BRDA:127,18,1,0
BRDA:134,19,0,0
BRDA:134,19,1,0
BRF:40
BRH:12
end_of_record
