TN:
SF:package/address-picker/index.js
FN:3,(anonymous_0)
FNF:1
FNH:0
FNDA:0,(anonymous_0)
DA:3,1
DA:4,0
LF:2
LH:1
BRF:0
BRH:0
end_of_record
TN:
SF:package/address-picker/src/index.js
FN:11,(anonymous_0)
FN:13,(anonymous_1)
FN:41,(anonymous_2)
FN:45,(anonymous_3)
FN:50,(anonymous_4)
FN:57,(anonymous_5)
FN:60,(anonymous_6)
FN:74,(anonymous_7)
FN:88,(anonymous_8)
FN:111,(anonymous_9)
FN:112,(anonymous_10)
FN:119,(anonymous_11)
FN:123,(anonymous_12)
FN:136,(anonymous_13)
FN:137,(anonymous_14)
FNF:15
FNH:11
FNDA:1,(anonymous_0)
FNDA:9,(anonymous_1)
FNDA:0,(anonymous_2)
FNDA:0,(anonymous_3)
FNDA:9,(anonymous_4)
FNDA:2,(anonymous_5)
FNDA:9,(anonymous_6)
FNDA:13546,(anonymous_7)
FNDA:2452,(anonymous_8)
FNDA:1,(anonymous_9)
FNDA:1,(anonymous_10)
FNDA:2,(anonymous_11)
FNDA:9,(anonymous_12)
FNDA:0,(anonymous_13)
FNDA:0,(anonymous_14)
DA:10,1
DA:11,1
DA:14,9
DA:51,9
DA:58,2
DA:61,9
DA:62,9
DA:63,9
DA:64,9
DA:65,9
DA:67,9
DA:69,9
DA:75,13546
DA:76,13546
DA:77,13546
DA:78,13546
DA:79,13544
DA:81,2
DA:82,2
DA:88,9
DA:89,2452
DA:90,2452
DA:91,2452
DA:92,1596
DA:94,856
DA:95,856
DA:96,852
DA:97,852
DA:99,4
DA:100,4
DA:104,9
DA:112,1
DA:120,2
DA:124,9
DA:136,0
DA:137,0
LF:36
LH:34
BRDA:61,0,0,0
BRDA:61,0,1,9
BRDA:78,1,0,13544
BRDA:78,1,1,2
BRDA:91,2,0,1596
BRDA:91,2,1,856
BRDA:91,3,0,2452
BRDA:91,3,1,1597
BRDA:91,3,2,1597
BRDA:95,4,0,852
BRDA:95,4,1,4
BRF:11
BRH:10
end_of_record
TN:
SF:package/address-picker/src/util.js
FN:8,(anonymous_0)
FN:27,generateCascade
FN:28,formateAddres
FN:30,(anonymous_3)
FNF:4
FNH:3
FNDA:16143,(anonymous_0)
FNDA:0,generateCascade
FNDA:27,formateAddres
FNDA:16143,(anonymous_3)
DA:3,1
DA:4,1
DA:5,1
DA:7,1
DA:8,1
DA:9,16143
DA:10,16143
DA:11,16143
DA:12,0
DA:14,0
DA:15,0
DA:18,16143
DA:19,16143
DA:20,16143
DA:29,27
DA:30,17
DA:31,16143
DA:32,16143
DA:33,16143
DA:34,2596
DA:35,2596
DA:37,16143
DA:44,16143
DA:45,16143
DA:46,2597
LF:25
LH:22
BRDA:11,0,0,0
BRDA:11,0,1,16143
BRDA:28,1,0,0
BRDA:29,2,0,10
BRDA:29,2,1,17
BRDA:33,3,0,2596
BRDA:33,3,1,13547
BRDA:33,4,0,16143
BRDA:33,4,1,2597
BRDA:34,5,0,2450
BRDA:34,5,1,146
BRDA:44,6,0,2588
BRDA:44,6,1,13555
BRDA:45,7,0,13546
BRDA:45,7,1,2597
BRF:15
BRH:13
end_of_record
TN:
SF:package/badge/index.js
FN:3,(anonymous_0)
FNF:1
FNH:0
FNDA:0,(anonymous_0)
DA:3,1
DA:4,0
LF:2
LH:1
BRF:0
BRH:0
end_of_record
TN:
SF:package/button/index.js
FN:3,(anonymous_0)
FNF:1
FNH:0
FNDA:0,(anonymous_0)
DA:3,1
DA:4,0
LF:2
LH:1
BRF:0
BRH:0
end_of_record
TN:
SF:package/cell/index.js
FN:3,(anonymous_0)
FNF:1
FNH:0
FNDA:0,(anonymous_0)
DA:3,1
DA:4,0
LF:2
LH:1
BRF:0
BRH:0
end_of_record
TN:
SF:package/icon/index.js
FN:3,(anonymous_0)
FNF:1
FNH:0
FNDA:0,(anonymous_0)
DA:3,1
DA:4,0
LF:2
LH:1
BRF:0
BRH:0
end_of_record
TN:
SF:package/loading/index.js
FN:3,(anonymous_0)
FNF:1
FNH:0
FNDA:0,(anonymous_0)
DA:3,1
DA:4,0
LF:2
LH:1
BRF:0
BRH:0
end_of_record
TN:
SF:package/mixins/inject.js
FN:1,(anonymous_0)
FN:8,(anonymous_1)
FN:13,(anonymous_2)
FN:16,(anonymous_3)
FNF:4
FNH:3
FNDA:1,(anonymous_0)
FNDA:20,(anonymous_1)
FNDA:20,(anonymous_2)
FNDA:0,(anonymous_3)
DA:1,1
DA:9,20
DA:10,20
DA:14,20
DA:17,0
LF:5
LH:4
BRDA:9,0,0,0
BRDA:9,0,1,20
BRDA:9,1,0,20
BRDA:9,1,1,0
BRDA:14,2,0,20
BRDA:14,2,1,0
BRDA:17,3,0,0
BRDA:17,3,1,0
BRF:8
BRH:3
end_of_record
TN:
SF:package/mixins/provider.js
FN:1,(anonymous_0)
FN:2,(anonymous_1)
FN:3,(anonymous_2)
FN:8,(anonymous_3)
FN:14,(anonymous_4)
FN:17,(anonymous_5)
FNF:6
FNH:5
FNDA:20,(anonymous_0)
FNDA:1,(anonymous_1)
FNDA:10,(anonymous_2)
FNDA:10,(anonymous_3)
FNDA:20,(anonymous_4)
FNDA:0,(anonymous_5)
DA:1,20
DA:2,1
DA:4,10
DA:9,10
DA:15,20
DA:18,0
DA:19,0
DA:20,0
DA:21,0
LF:9
LH:5
BRDA:15,0,0,20
BRDA:15,0,1,0
BRDA:20,1,0,0
BRDA:20,1,1,0
BRF:4
BRH:1
end_of_record
TN:
SF:package/mixins/touch.js
FN:2,(anonymous_0)
FN:11,(anonymous_1)
FN:23,(anonymous_2)
FN:29,(anonymous_3)
FN:37,(anonymous_4)
FNF:5
FNH:1
FNDA:0,(anonymous_0)
FNDA:20,(anonymous_1)
FNDA:0,(anonymous_2)
FNDA:0,(anonymous_3)
FNDA:0,(anonymous_4)
DA:1,1
DA:2,1
DA:3,0
DA:4,0
DA:5,0
DA:6,0
DA:7,0
DA:9,1
DA:12,20
DA:24,0
DA:25,0
DA:26,0
DA:27,0
DA:30,0
DA:31,0
DA:32,0
DA:33,0
DA:34,0
DA:35,0
DA:38,0
LF:20
LH:4
BRDA:2,0,0,0
BRDA:5,1,0,0
BRDA:5,1,1,0
BRDA:6,2,0,0
BRDA:6,2,1,0
BRF:5
BRH:0
end_of_record
TN:
SF:package/picker/index.js
FN:3,(anonymous_0)
FNF:1
FNH:0
FNDA:0,(anonymous_0)
DA:3,1
DA:4,0
LF:2
LH:1
BRF:0
BRH:0
end_of_record
TN:
SF:package/picker/src/Colums.js
FN:18,(anonymous_0)
FN:24,(anonymous_1)
FN:27,(anonymous_2)
FN:61,(anonymous_3)
FN:65,(anonymous_4)
FN:69,(anonymous_5)
FN:76,(anonymous_6)
FN:82,(anonymous_7)
FN:83,(anonymous_8)
FN:84,(anonymous_9)
FN:101,(anonymous_10)
FN:104,(anonymous_11)
FN:107,(anonymous_12)
FN:114,(anonymous_13)
FN:124,(anonymous_14)
FN:127,(anonymous_15)
FN:129,(anonymous_16)
FN:131,(anonymous_17)
FN:141,(anonymous_18)
FN:153,(anonymous_19)
FN:167,(anonymous_20)
FN:181,(anonymous_21)
FN:186,(anonymous_22)
FN:192,(anonymous_23)
FN:196,(anonymous_24)
FN:202,(anonymous_25)
FN:208,(anonymous_26)
FN:212,(anonymous_27)
FN:235,(anonymous_28)
FN:249,(anonymous_29)
FN:252,(anonymous_30)
FN:263,(anonymous_31)
FN:266,(anonymous_32)
FN:270,(anonymous_33)
FN:274,(anonymous_34)
FN:287,(anonymous_35)
FN:288,(anonymous_36)
FN:300,(anonymous_37)
FN:305,(anonymous_38)
FN:308,(anonymous_39)
FNF:40
FNH:26
FNDA:0,(anonymous_0)
FNDA:1,(anonymous_1)
FNDA:20,(anonymous_2)
FNDA:0,(anonymous_3)
FNDA:0,(anonymous_4)
FNDA:0,(anonymous_5)
FNDA:6,(anonymous_6)
FNDA:0,(anonymous_7)
FNDA:0,(anonymous_8)
FNDA:0,(anonymous_9)
FNDA:5,(anonymous_10)
FNDA:3,(anonymous_11)
FNDA:290,(anonymous_12)
FNDA:290,(anonymous_13)
FNDA:20,(anonymous_14)
FNDA:28,(anonymous_15)
FNDA:290,(anonymous_16)
FNDA:3,(anonymous_17)
FNDA:0,(anonymous_18)
FNDA:0,(anonymous_19)
FNDA:0,(anonymous_20)
FNDA:0,(anonymous_21)
FNDA:5,(anonymous_22)
FNDA:5,(anonymous_23)
FNDA:5,(anonymous_24)
FNDA:8,(anonymous_25)
FNDA:3,(anonymous_26)
FNDA:5,(anonymous_27)
FNDA:3,(anonymous_28)
FNDA:0,(anonymous_29)
FNDA:20,(anonymous_30)
FNDA:0,(anonymous_31)
FNDA:20,(anonymous_32)
FNDA:20,(anonymous_33)
FNDA:28,(anonymous_34)
FNDA:20,(anonymous_35)
FNDA:20,(anonymous_36)
FNDA:8,(anonymous_37)
FNDA:0,(anonymous_38)
FNDA:28,(anonymous_39)
DA:8,1
DA:10,1
DA:11,1
DA:12,1
DA:14,1
DA:15,1
DA:16,1
DA:18,1
DA:19,0
DA:20,0
DA:21,0
DA:22,0
DA:24,1
DA:28,20
DA:61,0
DA:66,0
DA:67,0
DA:70,0
DA:71,0
DA:77,6
DA:78,6
DA:79,0
DA:83,0
DA:84,0
DA:85,0
DA:87,0
DA:88,0
DA:89,0
DA:90,0
DA:93,0
DA:94,0
DA:96,0
DA:102,5
DA:105,3
DA:108,290
DA:109,290
DA:110,28
DA:112,290
DA:115,290
DA:116,290
DA:117,290
DA:118,290
DA:125,20
DA:128,28
DA:129,28
DA:130,290
DA:131,3
DA:142,0
DA:143,0
DA:144,0
DA:146,0
DA:147,0
DA:149,0
DA:150,0
DA:151,0
DA:154,0
DA:155,0
DA:156,0
DA:157,0
DA:158,0
DA:160,0
DA:161,0
DA:162,0
DA:163,0
DA:164,0
DA:168,0
DA:169,0
DA:170,0
DA:171,0
DA:172,0
DA:173,0
DA:175,0
DA:176,0
DA:177,0
DA:178,0
DA:182,0
DA:183,0
DA:184,0
DA:187,5
DA:188,5
DA:189,5
DA:190,5
DA:193,5
DA:194,5
DA:197,5
DA:198,3
DA:199,3
DA:203,8
DA:209,3
DA:210,3
DA:213,5
DA:214,5
DA:215,5
DA:216,0
DA:219,5
DA:220,5
DA:221,3
DA:222,3
DA:224,5
DA:227,5
DA:228,2
DA:229,2
DA:231,2
DA:232,2
DA:235,3
DA:236,3
DA:239,3
DA:240,3
DA:241,0
DA:243,3
DA:245,0
DA:246,0
DA:250,0
DA:253,20
DA:254,20
DA:255,20
DA:256,20
DA:257,20
DA:258,20
DA:259,20
DA:264,0
DA:267,20
DA:268,20
DA:271,20
DA:272,20
DA:277,28
DA:278,28
DA:279,28
DA:288,20
DA:289,20
DA:290,20
DA:292,20
DA:293,20
DA:294,2
DA:296,18
DA:301,8
DA:302,0
DA:306,0
DA:309,28
LF:139
LH:80
BRDA:70,0,0,0
BRDA:70,0,1,0
BRDA:78,1,0,6
BRDA:78,1,1,0
BRDA:88,2,0,0
BRDA:88,2,1,0
BRDA:93,3,0,0
BRDA:93,3,1,0
BRDA:109,4,0,28
BRDA:109,4,1,262
BRDA:121,5,0,7
BRDA:121,5,1,283
BRDA:125,6,0,1
BRDA:125,6,1,19
BRDA:143,7,0,0
BRDA:143,7,1,0
BRDA:156,8,0,0
BRDA:156,8,1,0
BRDA:162,9,0,0
BRDA:162,9,1,0
BRDA:170,10,0,0
BRDA:170,10,1,0
BRDA:171,11,0,0
BRDA:171,11,1,0
BRDA:177,12,0,0
BRDA:177,12,1,0
BRDA:188,13,0,2
BRDA:188,13,1,3
BRDA:199,14,0,3
BRDA:199,14,1,0
BRDA:202,15,0,5
BRDA:202,16,0,5
BRDA:212,17,0,0
BRDA:212,18,0,5
BRDA:215,19,0,0
BRDA:215,19,1,5
BRDA:220,20,0,3
BRDA:220,20,1,2
BRDA:222,21,0,3
BRDA:222,21,1,0
BRDA:227,22,0,2
BRDA:227,22,1,3
BRDA:227,23,0,5
BRDA:227,23,1,3
BRDA:231,24,0,0
BRDA:231,24,1,2
BRDA:239,25,0,3
BRDA:239,25,1,0
BRDA:239,26,0,3
BRDA:239,26,1,3
BRDA:240,27,0,0
BRDA:240,27,1,3
BRDA:283,28,0,3
BRDA:283,28,1,25
BRDA:289,29,0,20
BRDA:289,29,1,0
BRDA:293,30,0,2
BRDA:293,30,1,18
BRDA:301,31,0,0
BRDA:301,31,1,8
BRDA:306,32,0,0
BRDA:306,32,1,0
BRF:62
BRH:32
end_of_record
TN:
SF:package/picker/src/index.js
FN:10,(anonymous_0)
FN:13,(anonymous_1)
FN:46,(anonymous_2)
FN:58,(anonymous_3)
FN:59,(anonymous_4)
FN:61,(anonymous_5)
FN:66,(anonymous_6)
FN:70,(anonymous_7)
FN:75,(anonymous_8)
FN:82,(anonymous_9)
FN:84,(anonymous_10)
FN:97,(anonymous_11)
FN:98,(anonymous_12)
FN:100,(anonymous_13)
FN:105,(anonymous_14)
FN:120,(anonymous_15)
FN:122,(anonymous_16)
FN:127,(anonymous_17)
FN:135,(anonymous_18)
FN:155,(anonymous_19)
FN:171,(anonymous_20)
FN:173,(anonymous_21)
FN:174,(anonymous_22)
FN:176,(anonymous_23)
FN:181,(anonymous_24)
FN:182,(anonymous_25)
FN:189,(anonymous_26)
FN:195,(anonymous_27)
FN:196,(anonymous_28)
FN:206,(anonymous_29)
FN:212,(anonymous_30)
FN:220,(anonymous_31)
FN:221,(anonymous_32)
FN:228,(anonymous_33)
FN:229,(anonymous_34)
FN:235,(anonymous_35)
FN:235,(anonymous_36)
FN:241,(anonymous_37)
FN:253,(anonymous_38)
FN:256,(anonymous_39)
FN:275,(anonymous_40)
FN:278,(anonymous_41)
FN:283,(anonymous_42)
FN:288,(anonymous_43)
FN:291,(anonymous_44)
FN:292,(anonymous_45)
FN:295,(anonymous_46)
FNF:47
FNH:32
FNDA:1,(anonymous_0)
FNDA:10,(anonymous_1)
FNDA:0,(anonymous_2)
FNDA:1,(anonymous_3)
FNDA:10,(anonymous_4)
FNDA:1,(anonymous_5)
FNDA:0,(anonymous_6)
FNDA:0,(anonymous_7)
FNDA:10,(anonymous_8)
FNDA:20,(anonymous_9)
FNDA:225,(anonymous_10)
FNDA:2,(anonymous_11)
FNDA:2,(anonymous_12)
FNDA:20,(anonymous_13)
FNDA:9,(anonymous_14)
FNDA:1,(anonymous_15)
FNDA:3,(anonymous_16)
FNDA:10,(anonymous_17)
FNDA:0,(anonymous_18)
FNDA:2,(anonymous_19)
FNDA:3,(anonymous_20)
FNDA:3,(anonymous_21)
FNDA:3,(anonymous_22)
FNDA:5,(anonymous_23)
FNDA:10,(anonymous_24)
FNDA:20,(anonymous_25)
FNDA:3,(anonymous_26)
FNDA:0,(anonymous_27)
FNDA:0,(anonymous_28)
FNDA:0,(anonymous_29)
FNDA:0,(anonymous_30)
FNDA:4,(anonymous_31)
FNDA:6,(anonymous_32)
FNDA:0,(anonymous_33)
FNDA:0,(anonymous_34)
FNDA:0,(anonymous_35)
FNDA:0,(anonymous_36)
FNDA:0,(anonymous_37)
FNDA:2,(anonymous_38)
FNDA:10,(anonymous_39)
FNDA:0,(anonymous_40)
FNDA:0,(anonymous_41)
FNDA:10,(anonymous_42)
FNDA:10,(anonymous_43)
FNDA:2,(anonymous_44)
FNDA:2,(anonymous_45)
FNDA:10,(anonymous_46)
DA:7,1
DA:9,1
DA:10,1
DA:14,10
DA:46,0
DA:58,1
DA:60,10
DA:61,1
DA:76,10
DA:83,20
DA:84,225
DA:89,20
DA:91,20
DA:98,2
DA:101,20
DA:102,20
DA:103,20
DA:106,9
DA:107,9
DA:108,9
DA:109,9
DA:110,9
DA:111,17
DA:112,17
DA:113,17
DA:114,17
DA:115,17
DA:116,17
DA:118,9
DA:121,1
DA:122,1
DA:123,3
DA:124,3
DA:128,10
DA:129,9
DA:130,9
DA:132,1
DA:136,0
DA:156,2
DA:157,2
DA:158,2
DA:159,2
DA:160,2
DA:161,2
DA:162,2
DA:164,2
DA:165,0
DA:166,0
DA:167,0
DA:168,0
DA:172,3
DA:173,3
DA:174,3
DA:175,3
DA:176,5
DA:177,3
DA:182,10
DA:183,20
DA:189,3
DA:196,0
DA:197,0
DA:198,0
DA:207,0
DA:208,0
DA:210,0
DA:211,0
DA:212,0
DA:213,0
DA:221,6
DA:229,0
DA:230,0
DA:231,0
DA:233,0
DA:235,0
DA:236,0
DA:237,0
DA:242,0
DA:244,0
DA:245,0
DA:254,2
DA:257,10
DA:258,10
DA:259,3
DA:276,0
DA:279,0
DA:284,10
DA:285,10
DA:286,10
DA:289,10
DA:292,2
DA:296,10
LF:91
LH:64
BRDA:60,0,0,9
BRDA:60,0,1,1
BRDA:85,1,0,225
BRDA:85,1,1,225
BRDA:85,1,2,0
BRDA:86,2,0,225
BRDA:86,2,1,225
BRDA:86,2,2,0
BRDA:87,3,0,225
BRDA:87,3,1,225
BRDA:102,4,0,3
BRDA:102,4,1,17
BRDA:103,5,0,20
BRDA:103,5,1,20
BRDA:103,5,2,17
BRDA:110,6,0,26
BRDA:110,6,1,26
BRDA:115,7,0,16
BRDA:115,7,1,1
BRDA:128,8,0,9
BRDA:128,8,1,1
BRDA:160,9,0,4
BRDA:160,9,1,2
BRDA:164,10,0,2
BRDA:164,10,1,2
BRDA:172,11,0,2
BRDA:172,11,1,1
BRDA:175,12,0,0
BRDA:175,12,1,3
BRDA:206,13,0,0
BRDA:207,14,0,0
BRDA:207,14,1,0
BRDA:213,15,0,0
BRDA:213,15,1,0
BRDA:231,16,0,0
BRDA:231,16,1,0
BRDA:244,17,0,0
BRDA:244,17,1,0
BRDA:258,18,0,7
BRDA:258,18,1,3
BRDA:258,19,0,10
BRDA:258,19,1,9
BRDA:258,19,2,8
BRDA:261,20,0,3
BRDA:261,20,1,1
BRDA:266,21,0,3
BRDA:266,21,1,1
BRDA:267,22,0,3
BRDA:267,22,1,1
BRF:49
BRH:37
end_of_record
TN:
SF:src/utils/RouteButton.js
FN:52,(anonymous_0)
FN:54,(anonymous_1)
FN:59,(anonymous_2)
FN:62,(anonymous_3)
FN:67,(anonymous_4)
FN:76,(anonymous_5)
FN:82,(anonymous_6)
FNF:7
FNH:4
FNDA:0,(anonymous_0)
FNDA:0,(anonymous_1)
FNDA:1,(anonymous_2)
FNDA:1,(anonymous_3)
FNDA:0,(anonymous_4)
FNDA:21,(anonymous_5)
FNDA:22,(anonymous_6)
DA:1,1
DA:2,1
DA:13,1
DA:14,1
DA:52,1
DA:53,0
DA:54,0
DA:55,0
DA:57,0
DA:59,1
DA:63,1
DA:68,0
DA:69,0
DA:72,0
DA:77,21
DA:85,22
DA:86,22
DA:87,22
DA:88,21
DA:89,21
LF:20
LH:13
BRDA:55,0,0,0
BRDA:55,0,1,0
BRDA:87,1,0,1
BRDA:87,1,1,21
BRDA:88,2,0,0
BRDA:88,2,1,21
BRF:6
BRH:3
end_of_record
TN:
SF:src/utils/dom.js
FN:11,(anonymous_0)
FN:23,scrollLeft
FN:27,(anonymous_2)
FN:36,removeElement
FN:40,on
FN:47,off
FN:52,preventDefault
FN:57,getScroller
FN:77,getScrollTop
FN:81,getBoundingClientRect
FN:94,getRootPageYOffset
FNF:11
FNH:2
FNDA:1,(anonymous_0)
FNDA:0,scrollLeft
FNDA:0,(anonymous_2)
FNDA:0,removeElement
FNDA:80,on
FNDA:0,off
FNDA:0,preventDefault
FNDA:0,getScroller
FNDA:0,getScrollTop
FNDA:0,getBoundingClientRect
FNDA:0,getRootPageYOffset
DA:3,1
DA:4,1
DA:6,1
DA:7,1
DA:8,1
DA:9,1
DA:16,1
DA:24,0
DA:25,0
DA:26,0
DA:27,0
DA:28,0
DA:29,0
DA:30,0
DA:31,0
DA:34,0
DA:37,0
DA:38,0
DA:41,80
DA:42,80
DA:43,80
DA:45,80
DA:48,0
DA:49,0
DA:53,0
DA:54,0
DA:58,0
DA:59,0
DA:60,0
DA:66,0
DA:67,0
DA:68,0
DA:69,0
DA:70,0
DA:72,0
DA:74,0
DA:78,0
DA:82,0
DA:83,0
DA:84,0
DA:86,0
DA:91,0
DA:95,0
LF:43
LH:11
BRDA:6,0,0,1
BRDA:6,0,1,0
BRDA:25,1,0,0
BRDA:25,1,1,0
BRDA:29,2,0,0
BRDA:29,2,1,0
BRDA:37,3,0,0
BRDA:37,3,1,0
BRDA:40,4,0,60
BRDA:42,5,0,80
BRDA:42,5,1,0
BRDA:48,6,0,0
BRDA:48,6,1,0
BRDA:53,7,0,0
BRDA:53,7,1,0
BRDA:53,8,0,0
BRDA:53,8,1,0
BRDA:57,9,0,0
BRDA:61,10,0,0
BRDA:61,10,1,0
BRDA:61,10,2,0
BRDA:61,10,3,0
BRDA:67,11,0,0
BRDA:67,11,1,0
BRDA:68,12,0,0
BRDA:68,12,1,0
BRDA:70,13,0,0
BRDA:70,13,1,0
BRDA:78,14,0,0
BRDA:78,14,1,0
BRDA:83,15,0,0
BRDA:83,15,1,0
BRDA:96,16,0,0
BRDA:96,16,1,0
BRDA:96,16,2,0
BRDA:96,16,3,0
BRF:36
BRH:3
end_of_record
TN:
SF:src/utils/polyfill.js
FN:5,fallback
FN:15,requestAnimation
FN:18,cancelAnimation
FN:21,doubleAnimation
FN:22,(anonymous_4)
FNF:5
FNH:0
FNDA:0,fallback
FNDA:0,requestAnimation
FNDA:0,cancelAnimation
FNDA:0,doubleAnimation
FNDA:0,(anonymous_4)
DA:4,1
DA:6,0
DA:7,0
DA:8,0
DA:9,0
DA:10,0
DA:12,1
DA:13,1
DA:14,1
DA:16,0
DA:19,0
DA:22,0
DA:23,0
LF:13
LH:4
BRDA:13,0,0,1
BRDA:13,0,1,0
BRDA:14,1,0,1
BRDA:14,1,1,0
BRF:4
BRH:2
end_of_record
TN:
SF:src/utils/shared.js
FN:1,isArray
FN:5,oneOf
FN:9,(anonymous_2)
FN:11,isKorean
FN:16,isFunction
FN:19,getValueByName
FN:33,createClassMap
FN:36,(anonymous_7)
FN:44,getSizeString
FN:48,isObject
FN:53,isString
FN:57,throttle
FN:60,(anonymous_12)
FN:67,(anonymous_13)
FN:75,isDate
FN:78,isPromise
FN:81,isNumber
FN:85,unDef
FN:89,getRange
FN:95,getUid
FN:97,(anonymous_20)
FN:104,isUnitString
FN:109,clone
FN:113,(anonymous_23)
FN:144,getCharacter
FN:153,noop
FNF:26
FNH:13
FNDA:168,isArray
FNDA:54,oneOf
FNDA:102,(anonymous_2)
FNDA:0,isKorean
FNDA:16148,isFunction
FNDA:0,getValueByName
FNDA:54,createClassMap
FNDA:198,(anonymous_7)
FNDA:4,getSizeString
FNDA:0,isObject
FNDA:3,isString
FNDA:0,throttle
FNDA:0,(anonymous_12)
FNDA:0,(anonymous_13)
FNDA:0,isDate
FNDA:0,isPromise
FNDA:1,isNumber
FNDA:19303,unDef
FNDA:0,getRange
FNDA:1,getUid
FNDA:225,(anonymous_20)
FNDA:3,isUnitString
FNDA:0,clone
FNDA:0,(anonymous_23)
FNDA:0,getCharacter
FNDA:0,noop
DA:2,168
DA:6,54
DA:7,0
DA:9,102
DA:12,0
DA:13,0
DA:17,16148
DA:20,0
DA:21,0
DA:22,0
DA:23,0
DA:24,0
DA:25,0
DA:27,0
DA:29,0
DA:31,0
DA:34,54
DA:35,54
DA:36,54
DA:38,198
DA:39,198
DA:42,0
DA:45,4
DA:46,4
DA:49,0
DA:50,0
DA:54,3
DA:58,0
DA:59,0
DA:60,0
DA:61,0
DA:62,0
DA:63,0
DA:64,0
DA:65,0
DA:67,0
DA:68,0
DA:69,0
DA:76,0
DA:79,0
DA:82,1
DA:86,19303
DA:90,0
DA:91,0
DA:92,0
DA:96,1
DA:97,1
DA:98,225
DA:99,225
DA:100,225
DA:105,3
DA:106,2
DA:110,0
DA:111,0
DA:112,0
DA:113,0
DA:114,0
DA:115,0
DA:119,0
DA:120,0
DA:122,0
DA:123,0
DA:125,0
DA:127,0
DA:128,0
DA:130,0
DA:131,0
DA:133,0
DA:134,0
DA:135,0
DA:139,0
DA:141,0
DA:145,0
DA:146,0
DA:148,0
DA:149,0
DA:151,0
LF:77
LH:21
BRDA:6,0,0,0
BRDA:6,0,1,54
BRDA:21,1,0,0
BRDA:21,1,1,0
BRDA:24,2,0,0
BRDA:24,2,1,0
BRDA:34,3,0,0
BRDA:34,3,1,54
BRDA:35,4,0,54
BRDA:35,4,1,0
BRDA:45,5,0,0
BRDA:45,5,1,4
BRDA:49,6,0,0
BRDA:49,6,1,0
BRDA:57,7,0,0
BRDA:63,8,0,0
BRDA:63,8,1,0
BRDA:86,9,0,19303
BRDA:86,9,1,19303
BRDA:86,9,2,18425
BRDA:90,10,0,0
BRDA:90,10,1,0
BRDA:90,11,0,0
BRDA:90,11,1,0
BRDA:98,12,0,0
BRDA:98,12,1,225
BRDA:105,13,0,1
BRDA:105,13,1,2
BRDA:105,14,0,3
BRDA:105,14,1,2
BRDA:114,15,0,0
BRDA:114,15,1,0
BRDA:115,16,0,0
BRDA:115,16,1,0
BRDA:119,17,0,0
BRDA:119,17,1,0
BRDA:127,18,0,0
BRDA:127,18,1,0
BRDA:134,19,0,0
BRDA:134,19,1,0
BRF:40
BRH:12
end_of_record
